TN:
SF:src\utils\calculate.ts
FN:3,calculate
FNF:1
FNH:1
FNDA:8,calculate
DA:1,1
DA:3,1
DA:8,8
DA:15,8
DA:16,8
DA:21,8
LF:6
LH:6
BRF:0
BRH:0
end_of_record
TN:
SF:src\utils\isDot.ts
FN:1,isDot
FNF:1
FNH:1
FNDA:6,isDot
DA:1,1
DA:2,6
LF:2
LH:2
BRF:0
BRH:0
end_of_record
TN:
SF:src\utils\isNumber.ts
FN:1,(anonymous_0)
FNF:1
FNH:1
FNDA:5,(anonymous_0)
DA:1,1
DA:2,5
LF:2
LH:2
BRF:0
BRH:0
end_of_record
TN:
SF:src\utils\operations.ts
FN:10,sum
FN:14,subtract
FN:18,multiply
FN:22,divide
FN:26,equal
FN:30,allClear
FNF:6
FNH:6
FNDA:5,sum
FNDA:2,subtract
FNDA:2,multiply
FNDA:4,divide
FNDA:1,equal
FNDA:1,allClear
DA:1,2
DA:10,2
DA:11,5
DA:14,2
DA:15,2
DA:18,2
DA:19,2
DA:22,2
DA:23,4
DA:26,2
DA:27,1
DA:30,2
DA:31,1
LF:13
LH:13
BRF:0
BRH:0
end_of_record
TN:
SF:src\utils\removeZeroLeft.ts
FN:1,removeZeroLeft
FNF:1
FNH:1
FNDA:3,removeZeroLeft
DA:1,1
DA:2,3
DA:3,2
LF:3
LH:3
BRDA:2,0,0,1
BRDA:3,1,0,1
BRDA:3,1,1,1
BRF:3
BRH:3
end_of_record
