{"C:\\Users\\joaoo\\OneDrive\\Documentos\\Garoto-de-Programa\\Dev-de-sistema-3-semestre-SENAI\\Aula_08-10-2024\\div.js": {"path":"C:\\Users\\joaoo\\OneDrive\\Documentos\\Garoto-de-Programa\\Dev-de-sistema-3-semestre-SENAI\\Aula_08-10-2024\\div.js","statementMap":{"0":{"start":{"line":2,"column":4},"end":{"line":2,"column":15}},"1":{"start":{"line":4,"column":0},"end":{"line":4,"column":21}}},"fnMap":{"0":{"name":"div","decl":{"start":{"line":1,"column":9},"end":{"line":1,"column":12}},"loc":{"start":{"line":1,"column":18},"end":{"line":3,"column":1}},"line":1}},"branchMap":{},"s":{"0":2,"1":1},"f":{"0":2},"b":{},"_coverageSchema":"1a1c01bbd47fc00a2c39e90264f33305004495a9","hash":"aa0621074144ca3301afb02610bb57bdaef451e9"}
,"C:\\Users\\joaoo\\OneDrive\\Documentos\\Garoto-de-Programa\\Dev-de-sistema-3-semestre-SENAI\\Aula_08-10-2024\\min.js": {"path":"C:\\Users\\joaoo\\OneDrive\\Documentos\\Garoto-de-Programa\\Dev-de-sistema-3-semestre-SENAI\\Aula_08-10-2024\\min.js","statementMap":{"0":{"start":{"line":2,"column":4},"end":{"line":2,"column":15}},"1":{"start":{"line":4,"column":0},"end":{"line":4,"column":21}}},"fnMap":{"0":{"name":"min","decl":{"start":{"line":1,"column":9},"end":{"line":1,"column":12}},"loc":{"start":{"line":1,"column":18},"end":{"line":3,"column":1}},"line":1}},"branchMap":{},"s":{"0":2,"1":1},"f":{"0":2},"b":{},"_coverageSchema":"1a1c01bbd47fc00a2c39e90264f33305004495a9","hash":"474a6083d0a83c7fd81aaadf99127181235c5579"}
,"C:\\Users\\joaoo\\OneDrive\\Documentos\\Garoto-de-Programa\\Dev-de-sistema-3-semestre-SENAI\\Aula_08-10-2024\\sum.js": {"path":"C:\\Users\\joaoo\\OneDrive\\Documentos\\Garoto-de-Programa\\Dev-de-sistema-3-semestre-SENAI\\Aula_08-10-2024\\sum.js","statementMap":{"0":{"start":{"line":2,"column":4},"end":{"line":2,"column":15}},"1":{"start":{"line":4,"column":0},"end":{"line":4,"column":21}}},"fnMap":{"0":{"name":"sum","decl":{"start":{"line":1,"column":9},"end":{"line":1,"column":12}},"loc":{"start":{"line":1,"column":18},"end":{"line":3,"column":1}},"line":1}},"branchMap":{},"s":{"0":1,"1":1},"f":{"0":1},"b":{},"_coverageSchema":"1a1c01bbd47fc00a2c39e90264f33305004495a9","hash":"dce6c2f6cbdf205fb955b036e4fae992d564d488"}
}
