{"C:\\Users\\joaoo\\OneDrive\\Documentos\\Garoto-de-Programa\\Dev-de-sistema-3-semestre-SENAI\\Aula_08-10-2024\\div.js": {"path":"C:\\Users\\joaoo\\OneDrive\\Documentos\\Garoto-de-Programa\\Dev-de-sistema-3-semestre-SENAI\\Aula_08-10-2024\\div.js","statementMap":{"0":{"start":{"line":2,"column":4},"end":{"line":4,"column":5}},"1":{"start":{"line":3,"column":8},"end":{"line":3,"column":60}},"2":{"start":{"line":5,"column":4},"end":{"line":7,"column":5}},"3":{"start":{"line":6,"column":8},"end":{"line":6,"column":61}},"4":{"start":{"line":8,"column":4},"end":{"line":8,"column":17}},"5":{"start":{"line":11,"column":0},"end":{"line":11,"column":21}}},"fnMap":{"0":{"name":"div","decl":{"start":{"line":1,"column":9},"end":{"line":1,"column":12}},"loc":{"start":{"line":1,"column":19},"end":{"line":9,"column":1}},"line":1}},"branchMap":{"0":{"loc":{"start":{"line":2,"column":4},"end":{"line":4,"column":5}},"type":"if","locations":[{"start":{"line":2,"column":4},"end":{"line":4,"column":5}},{"start":{},"end":{}}],"line":2},"1":{"loc":{"start":{"line":2,"column":8},"end":{"line":2,"column":28}},"type":"binary-expr","locations":[{"start":{"line":2,"column":8},"end":{"line":2,"column":16}},{"start":{"line":2,"column":20},"end":{"line":2,"column":28}}],"line":2},"2":{"loc":{"start":{"line":5,"column":4},"end":{"line":7,"column":5}},"type":"if","locations":[{"start":{"line":5,"column":4},"end":{"line":7,"column":5}},{"start":{},"end":{}}],"line":5}},"s":{"0":14,"1":3,"2":11,"3":2,"4":9,"5":1},"f":{"0":14},"b":{"0":[3,11],"1":[14,12],"2":[2,9]},"_coverageSchema":"1a1c01bbd47fc00a2c39e90264f33305004495a9","hash":"30ddc761889e76ecb910c00cdfcf5335a02054b2"}
,"C:\\Users\\joaoo\\OneDrive\\Documentos\\Garoto-de-Programa\\Dev-de-sistema-3-semestre-SENAI\\Aula_08-10-2024\\min.js": {"path":"C:\\Users\\joaoo\\OneDrive\\Documentos\\Garoto-de-Programa\\Dev-de-sistema-3-semestre-SENAI\\Aula_08-10-2024\\min.js","statementMap":{"0":{"start":{"line":2,"column":4},"end":{"line":4,"column":5}},"1":{"start":{"line":3,"column":8},"end":{"line":3,"column":59}},"2":{"start":{"line":5,"column":4},"end":{"line":5,"column":17}},"3":{"start":{"line":7,"column":0},"end":{"line":7,"column":21}}},"fnMap":{"0":{"name":"min","decl":{"start":{"line":1,"column":9},"end":{"line":1,"column":12}},"loc":{"start":{"line":1,"column":18},"end":{"line":6,"column":1}},"line":1}},"branchMap":{"0":{"loc":{"start":{"line":2,"column":4},"end":{"line":4,"column":5}},"type":"if","locations":[{"start":{"line":2,"column":4},"end":{"line":4,"column":5}},{"start":{},"end":{}}],"line":2},"1":{"loc":{"start":{"line":2,"column":8},"end":{"line":2,"column":54}},"type":"binary-expr","locations":[{"start":{"line":2,"column":8},"end":{"line":2,"column":29}},{"start":{"line":2,"column":33},"end":{"line":2,"column":54}}],"line":2}},"s":{"0":23,"1":7,"2":16,"3":1},"f":{"0":23},"b":{"0":[7,16],"1":[23,19]},"_coverageSchema":"1a1c01bbd47fc00a2c39e90264f33305004495a9","hash":"2d78699533e2b9b908f4447e7c34be6a742f1730"}
,"C:\\Users\\joaoo\\OneDrive\\Documentos\\Garoto-de-Programa\\Dev-de-sistema-3-semestre-SENAI\\Aula_08-10-2024\\mult.js": {"path":"C:\\Users\\joaoo\\OneDrive\\Documentos\\Garoto-de-Programa\\Dev-de-sistema-3-semestre-SENAI\\Aula_08-10-2024\\mult.js","statementMap":{"0":{"start":{"line":2,"column":4},"end":{"line":4,"column":5}},"1":{"start":{"line":3,"column":8},"end":{"line":3,"column":60}},"2":{"start":{"line":5,"column":4},"end":{"line":5,"column":17}},"3":{"start":{"line":8,"column":0},"end":{"line":8,"column":21}}},"fnMap":{"0":{"name":"mul","decl":{"start":{"line":1,"column":9},"end":{"line":1,"column":12}},"loc":{"start":{"line":1,"column":19},"end":{"line":6,"column":1}},"line":1}},"branchMap":{"0":{"loc":{"start":{"line":2,"column":4},"end":{"line":4,"column":5}},"type":"if","locations":[{"start":{"line":2,"column":4},"end":{"line":4,"column":5}},{"start":{},"end":{}}],"line":2},"1":{"loc":{"start":{"line":2,"column":8},"end":{"line":2,"column":54}},"type":"binary-expr","locations":[{"start":{"line":2,"column":8},"end":{"line":2,"column":17}},{"start":{"line":2,"column":21},"end":{"line":2,"column":30}},{"start":{"line":2,"column":34},"end":{"line":2,"column":42}},{"start":{"line":2,"column":46},"end":{"line":2,"column":54}}],"line":2}},"s":{"0":18,"1":6,"2":12,"3":1},"f":{"0":18},"b":{"0":[6,12],"1":[18,16,15,13]},"_coverageSchema":"1a1c01bbd47fc00a2c39e90264f33305004495a9","hash":"23918938e37c8a02ae254c2457018a00643157a8"}
,"C:\\Users\\joaoo\\OneDrive\\Documentos\\Garoto-de-Programa\\Dev-de-sistema-3-semestre-SENAI\\Aula_08-10-2024\\sum.js": {"path":"C:\\Users\\joaoo\\OneDrive\\Documentos\\Garoto-de-Programa\\Dev-de-sistema-3-semestre-SENAI\\Aula_08-10-2024\\sum.js","statementMap":{"0":{"start":{"line":2,"column":4},"end":{"line":4,"column":5}},"1":{"start":{"line":3,"column":8},"end":{"line":3,"column":60}},"2":{"start":{"line":5,"column":4},"end":{"line":5,"column":17}},"3":{"start":{"line":8,"column":0},"end":{"line":8,"column":21}}},"fnMap":{"0":{"name":"sum","decl":{"start":{"line":1,"column":9},"end":{"line":1,"column":12}},"loc":{"start":{"line":1,"column":19},"end":{"line":6,"column":1}},"line":1}},"branchMap":{"0":{"loc":{"start":{"line":2,"column":4},"end":{"line":4,"column":5}},"type":"if","locations":[{"start":{"line":2,"column":4},"end":{"line":4,"column":5}},{"start":{},"end":{}}],"line":2},"1":{"loc":{"start":{"line":2,"column":8},"end":{"line":2,"column":28}},"type":"binary-expr","locations":[{"start":{"line":2,"column":8},"end":{"line":2,"column":16}},{"start":{"line":2,"column":20},"end":{"line":2,"column":28}}],"line":2}},"s":{"0":93,"1":3,"2":90,"3":1},"f":{"0":93},"b":{"0":[3,90],"1":[93,91]},"_coverageSchema":"1a1c01bbd47fc00a2c39e90264f33305004495a9","hash":"be0b85e903f0a248d624f440f9f9613d3792f239"}
}
