TN:
SF:div.js
FN:1,div
FNF:1
FNH:1
FNDA:14,div
DA:2,14
DA:3,3
DA:5,11
DA:6,2
DA:8,9
DA:11,1
LF:6
LH:6
BRDA:2,0,0,3
BRDA:2,0,1,11
BRDA:2,1,0,14
BRDA:2,1,1,12
BRDA:5,2,0,2
BRDA:5,2,1,9
BRF:6
BRH:6
end_of_record
TN:
SF:min.js
FN:1,min
FNF:1
FNH:1
FNDA:23,min
DA:2,23
DA:3,7
DA:5,16
DA:7,1
LF:4
LH:4
BRDA:2,0,0,7
BRDA:2,0,1,16
BRDA:2,1,0,23
BRDA:2,1,1,19
BRF:4
BRH:4
end_of_record
TN:
SF:mult.js
FN:1,mul
FNF:1
FNH:1
FNDA:18,mul
DA:2,18
DA:3,6
DA:5,12
DA:8,1
LF:4
LH:4
BRDA:2,0,0,6
BRDA:2,0,1,12
BRDA:2,1,0,18
BRDA:2,1,1,16
BRDA:2,1,2,15
BRDA:2,1,3,13
BRF:6
BRH:6
end_of_record
TN:
SF:sum.js
FN:1,sum
FNF:1
FNH:1
FNDA:93,sum
DA:2,93
DA:3,3
DA:5,90
DA:8,1
LF:4
LH:4
BRDA:2,0,0,3
BRDA:2,0,1,90
BRDA:2,1,0,93
BRDA:2,1,1,91
BRF:4
BRH:4
end_of_record
